=== Suite started at 2014-10-28 23:40:02
=== Starting test, 1 test cases
=cases         1
=user          huanzh
=host          linux
=hosts         linux 
=emulator_vsn  6.2
=emulator      beam
=otp_release   17
=started       2014-10-28 23:40:02
=case          mafiapp_SUITE:init_per_suite
=logfile       mafiapp_suite.init_per_suite.html
=started       2014-10-28 23:40:02
=ended         2014-10-28 23:40:03
=result        ok
=elapsed       0.278522
=case          mafiapp_SUITE:friend_by_name
=logfile       mafiapp_suite.friend_by_name.html
=started       2014-10-28 23:40:03
=ended         2014-10-28 23:40:03
=result        ok
=elapsed       1.59e-4
=case          mafiapp_SUITE:end_per_suite
=logfile       mafiapp_suite.end_per_suite.html
=started       2014-10-28 23:40:03
=ended         2014-10-28 23:40:03
=result        ok
=elapsed       0.004191
=group_time    0.351s
=== TEST COMPLETE, 1 ok, 0 failed of 1 test cases

=finished      2014-10-28 23:40:03
=failed        0
=successful    1
=user_skipped  0
=auto_skipped  0
